TN:
SF:src/app.ts
FN:26,(anonymous_0)
FNF:1
FNH:0
FNDA:0,(anonymous_0)
DA:17,0
DA:20,0
DA:24,0
DA:26,0
DA:27,0
DA:28,0
DA:29,0
DA:31,0
DA:34,0
DA:36,0
DA:40,0
DA:41,0
DA:42,0
DA:43,0
DA:44,0
DA:45,0
LF:16
LH:0
BRF:0
BRH:0
end_of_record
TN:
SF:src/index.ts
FN:6,(anonymous_0)
FNF:1
FNH:0
FNDA:0,(anonymous_0)
DA:3,0
DA:6,0
DA:7,0
LF:3
LH:0
BRDA:3,0,0,0
BRDA:3,0,1,0
BRF:2
BRH:0
end_of_record
TN:
SF:src/data/image.ts
FN:5,insertData
FNF:1
FNH:0
FNDA:0,insertData
DA:6,0
DA:8,0
DA:9,0
DA:10,0
DA:12,0
DA:13,0
DA:16,0
DA:97,0
DA:98,0
DA:101,0
DA:102,0
DA:107,0
LF:12
LH:0
BRF:0
BRH:0
end_of_record
TN:
SF:src/data/user.ts
FN:5,insertData
FNF:1
FNH:0
FNDA:0,insertData
DA:6,0
DA:8,0
DA:9,0
DA:10,0
DA:12,0
DA:13,0
DA:16,0
DA:21,0
DA:22,0
DA:25,0
DA:26,0
DA:31,0
LF:12
LH:0
BRF:0
BRH:0
end_of_record
TN:
SF:src/db/mongoose.ts
FNF:0
FNH:0
DA:3,0
DA:4,0
DA:5,0
DA:7,0
LF:4
LH:0
BRF:0
BRH:0
end_of_record
TN:
SF:src/models/categoryModel.ts
FN:14,(anonymous_0)
FN:29,(anonymous_1)
FNF:2
FNH:0
FNDA:0,(anonymous_0)
FNDA:0,(anonymous_1)
DA:11,0
DA:15,0
DA:30,0
DA:31,0
DA:38,0
LF:5
LH:0
BRDA:30,0,0,0
BRDA:30,0,1,0
BRF:2
BRH:0
end_of_record
TN:
SF:src/models/imageModel.ts
FN:15,(anonymous_0)
FNF:1
FNH:0
FNDA:0,(anonymous_0)
DA:12,0
DA:16,0
DA:34,0
LF:3
LH:0
BRF:0
BRH:0
end_of_record
TN:
SF:src/models/ingredientModel.ts
FN:14,(anonymous_0)
FN:29,(anonymous_1)
FNF:2
FNH:0
FNDA:0,(anonymous_0)
FNDA:0,(anonymous_1)
DA:11,0
DA:15,0
DA:30,0
DA:31,0
DA:38,0
LF:5
LH:0
BRDA:30,0,0,0
BRDA:30,0,1,0
BRF:2
BRH:0
end_of_record
TN:
SF:src/models/interactionModel.ts
FN:15,(anonymous_0)
FN:31,(anonymous_1)
FNF:2
FNH:0
FNDA:0,(anonymous_0)
FNDA:0,(anonymous_1)
DA:12,0
DA:16,0
DA:32,0
DA:33,0
DA:37,0
DA:40,0
LF:6
LH:0
BRDA:32,0,0,0
BRDA:32,0,1,0
BRF:2
BRH:0
end_of_record
TN:
SF:src/models/recipeModel.ts
FN:22,(anonymous_0)
FN:32,(anonymous_1)
FN:49,(anonymous_2)
FN:63,(anonymous_3)
FN:72,(anonymous_4)
FNF:5
FNH:0
FNDA:0,(anonymous_0)
FNDA:0,(anonymous_1)
FNDA:0,(anonymous_2)
FNDA:0,(anonymous_3)
FNDA:0,(anonymous_4)
DA:19,0
DA:23,0
DA:33,0
DA:34,0
DA:50,0
DA:51,0
DA:64,0
DA:65,0
DA:73,0
DA:74,0
DA:91,0
LF:11
LH:0
BRDA:33,0,0,0
BRDA:33,0,1,0
BRDA:50,1,0,0
BRDA:50,1,1,0
BRDA:64,2,0,0
BRDA:64,2,1,0
BRDA:73,3,0,0
BRDA:73,3,1,0
BRF:8
BRH:0
end_of_record
TN:
SF:src/models/userModel.ts
FN:23,(anonymous_0)
FN:33,(anonymous_1)
FN:44,(anonymous_2)
FN:65,(anonymous_3)
FNF:4
FNH:0
FNDA:0,(anonymous_0)
FNDA:0,(anonymous_1)
FNDA:0,(anonymous_2)
FNDA:0,(anonymous_3)
DA:17,0
DA:24,0
DA:25,0
DA:34,0
DA:35,0
DA:46,0
DA:47,0
DA:66,0
DA:67,0
DA:90,0
LF:10
LH:0
BRDA:24,0,0,0
BRDA:24,0,1,0
BRDA:34,1,0,0
BRDA:34,1,1,0
BRDA:66,2,0,0
BRDA:66,2,1,0
BRF:6
BRH:0
end_of_record
TN:
SF:src/routers/categoryRouter.ts
FNF:0
FNH:0
DA:8,0
DA:10,0
DA:11,0
DA:12,0
DA:13,0
DA:14,0
DA:15,0
DA:16,0
LF:8
LH:0
BRF:0
BRH:0
end_of_record
TN:
SF:src/routers/imageRouter.ts
FNF:0
FNH:0
DA:8,0
DA:10,0
DA:11,0
DA:12,0
DA:13,0
DA:14,0
DA:15,0
DA:16,0
LF:8
LH:0
BRF:0
BRH:0
end_of_record
TN:
SF:src/routers/ingredientRouter.ts
FNF:0
FNH:0
DA:8,0
DA:10,0
DA:11,0
DA:12,0
DA:13,0
DA:14,0
DA:15,0
DA:16,0
LF:8
LH:0
BRF:0
BRH:0
end_of_record
TN:
SF:src/routers/interactionRouter.ts
FNF:0
FNH:0
DA:8,0
DA:10,0
DA:11,0
DA:12,0
DA:13,0
DA:14,0
DA:15,0
DA:16,0
LF:8
LH:0
BRF:0
BRH:0
end_of_record
TN:
SF:src/routers/recipeRouter.ts
FNF:0
FNH:0
DA:8,0
DA:10,0
DA:11,0
DA:12,0
DA:13,0
DA:14,0
DA:15,0
DA:16,0
LF:8
LH:0
BRF:0
BRH:0
end_of_record
TN:
SF:src/routers/userRouter.ts
FN:17,(anonymous_0)
FN:22,(anonymous_1)
FNF:2
FNH:0
FNDA:0,(anonymous_0)
FNDA:0,(anonymous_1)
DA:8,0
DA:13,0
DA:17,0
DA:18,0
DA:19,0
DA:20,0
DA:21,0
DA:22,0
DA:23,0
DA:24,0
DA:25,0
DA:29,0
DA:30,0
DA:31,0
DA:32,0
DA:33,0
DA:34,0
DA:35,0
DA:36,0
LF:19
LH:0
BRDA:19,0,0,0
BRDA:19,0,1,0
BRDA:20,1,0,0
BRDA:20,1,1,0
BRDA:23,2,0,0
BRDA:23,2,1,0
BRF:6
BRH:0
end_of_record
TN:
SF:src/routers/category/delete.ts
FN:10,(anonymous_0)
FN:36,(anonymous_1)
FNF:2
FNH:0
FNDA:0,(anonymous_0)
FNDA:0,(anonymous_1)
DA:10,0
DA:11,0
DA:12,0
DA:14,0
DA:15,0
DA:16,0
DA:17,0
DA:22,0
DA:23,0
DA:25,0
DA:36,0
DA:37,0
DA:38,0
DA:41,0
DA:42,0
DA:44,0
DA:45,0
DA:50,0
DA:51,0
DA:53,0
LF:20
LH:0
BRDA:11,0,0,0
BRDA:11,0,1,0
BRDA:16,1,0,0
BRDA:16,1,1,0
BRDA:37,2,0,0
BRDA:37,2,1,0
BRDA:44,3,0,0
BRDA:44,3,1,0
BRF:8
BRH:0
end_of_record
TN:
SF:src/routers/category/get.ts
FN:12,(anonymous_0)
FN:34,(anonymous_1)
FNF:2
FNH:0
FNDA:0,(anonymous_0)
FNDA:0,(anonymous_1)
DA:12,0
DA:13,0
DA:14,0
DA:16,0
DA:18,0
DA:19,0
DA:21,0
DA:23,0
DA:34,0
DA:36,0
DA:38,0
DA:40,0
DA:42,0
DA:43,0
DA:45,0
DA:47,0
LF:16
LH:0
BRDA:14,0,0,0
BRDA:14,0,1,0
BRDA:18,1,0,0
BRDA:18,1,1,0
BRDA:38,2,0,0
BRDA:38,2,1,0
BRDA:42,3,0,0
BRDA:42,3,1,0
BRF:8
BRH:0
end_of_record
TN:
SF:src/routers/category/patch.ts
FN:11,(anonymous_0)
FN:19,(anonymous_1)
FN:51,(anonymous_2)
FN:58,(anonymous_3)
FNF:4
FNH:0
FNDA:0,(anonymous_0)
FNDA:0,(anonymous_1)
FNDA:0,(anonymous_2)
FNDA:0,(anonymous_3)
DA:11,0
DA:12,0
DA:13,0
DA:16,0
DA:17,0
DA:18,0
DA:19,0
DA:21,0
DA:22,0
DA:26,0
DA:29,0
DA:32,0
DA:34,0
DA:35,0
DA:37,0
DA:39,0
DA:51,0
DA:52,0
DA:53,0
DA:55,0
DA:56,0
DA:57,0
DA:58,0
DA:60,0
DA:61,0
DA:65,0
DA:68,0
DA:71,0
DA:73,0
DA:74,0
DA:76,0
DA:79,0
LF:32
LH:0
BRDA:12,0,0,0
BRDA:12,0,1,0
BRDA:21,1,0,0
BRDA:21,1,1,0
BRDA:34,2,0,0
BRDA:34,2,1,0
BRDA:52,3,0,0
BRDA:52,3,1,0
BRDA:60,4,0,0
BRDA:60,4,1,0
BRDA:73,5,0,0
BRDA:73,5,1,0
BRF:12
BRH:0
end_of_record
TN:
SF:src/routers/category/post.ts
FN:8,(anonymous_0)
FNF:1
FNH:0
FNDA:0,(anonymous_0)
DA:8,0
DA:9,0
DA:10,0
DA:11,0
DA:12,0
DA:14,0
LF:6
LH:0
BRF:0
BRH:0
end_of_record
TN:
SF:src/routers/image/delete.ts
FN:10,(anonymous_0)
FN:36,(anonymous_1)
FNF:2
FNH:0
FNDA:0,(anonymous_0)
FNDA:0,(anonymous_1)
DA:10,0
DA:11,0
DA:12,0
DA:14,0
DA:15,0
DA:16,0
DA:17,0
DA:22,0
DA:23,0
DA:25,0
DA:36,0
DA:37,0
DA:38,0
DA:41,0
DA:42,0
DA:44,0
DA:45,0
DA:50,0
DA:51,0
DA:53,0
LF:20
LH:0
BRDA:11,0,0,0
BRDA:11,0,1,0
BRDA:16,1,0,0
BRDA:16,1,1,0
BRDA:37,2,0,0
BRDA:37,2,1,0
BRDA:44,3,0,0
BRDA:44,3,1,0
BRF:8
BRH:0
end_of_record
TN:
SF:src/routers/image/get.ts
FN:12,(anonymous_0)
FN:34,(anonymous_1)
FNF:2
FNH:0
FNDA:0,(anonymous_0)
FNDA:0,(anonymous_1)
DA:12,0
DA:13,0
DA:14,0
DA:16,0
DA:17,0
DA:18,0
DA:21,0
DA:23,0
DA:34,0
DA:36,0
DA:37,0
DA:39,0
DA:40,0
DA:41,0
DA:44,0
DA:46,0
LF:16
LH:0
BRDA:16,0,0,0
BRDA:16,0,1,0
BRDA:39,1,0,0
BRDA:39,1,1,0
BRF:4
BRH:0
end_of_record
TN:
SF:src/routers/image/patch.ts
FN:11,(anonymous_0)
FN:19,(anonymous_1)
FN:51,(anonymous_2)
FN:59,(anonymous_3)
FNF:4
FNH:0
FNDA:0,(anonymous_0)
FNDA:0,(anonymous_1)
FNDA:0,(anonymous_2)
FNDA:0,(anonymous_3)
DA:11,0
DA:12,0
DA:13,0
DA:16,0
DA:17,0
DA:18,0
DA:19,0
DA:21,0
DA:22,0
DA:26,0
DA:29,0
DA:32,0
DA:34,0
DA:35,0
DA:37,0
DA:39,0
DA:51,0
DA:52,0
DA:53,0
DA:55,0
DA:57,0
DA:58,0
DA:59,0
DA:61,0
DA:62,0
DA:66,0
DA:69,0
DA:72,0
DA:74,0
DA:75,0
DA:77,0
DA:80,0
LF:32
LH:0
BRDA:12,0,0,0
BRDA:12,0,1,0
BRDA:21,1,0,0
BRDA:21,1,1,0
BRDA:34,2,0,0
BRDA:34,2,1,0
BRDA:52,3,0,0
BRDA:52,3,1,0
BRDA:61,4,0,0
BRDA:61,4,1,0
BRDA:74,5,0,0
BRDA:74,5,1,0
BRF:12
BRH:0
end_of_record
TN:
SF:src/routers/image/post.ts
FN:8,(anonymous_0)
FNF:1
FNH:0
FNDA:0,(anonymous_0)
DA:8,0
DA:9,0
DA:10,0
DA:11,0
DA:12,0
DA:13,0
DA:15,0
DA:16,0
DA:18,0
LF:9
LH:0
BRF:0
BRH:0
end_of_record
TN:
SF:src/routers/ingredient/delete.ts
FN:10,(anonymous_0)
FN:36,(anonymous_1)
FNF:2
FNH:0
FNDA:0,(anonymous_0)
FNDA:0,(anonymous_1)
DA:10,0
DA:11,0
DA:12,0
DA:14,0
DA:15,0
DA:16,0
DA:17,0
DA:22,0
DA:23,0
DA:25,0
DA:36,0
DA:37,0
DA:38,0
DA:41,0
DA:42,0
DA:44,0
DA:45,0
DA:50,0
DA:51,0
DA:53,0
LF:20
LH:0
BRDA:11,0,0,0
BRDA:11,0,1,0
BRDA:16,1,0,0
BRDA:16,1,1,0
BRDA:37,2,0,0
BRDA:37,2,1,0
BRDA:44,3,0,0
BRDA:44,3,1,0
BRF:8
BRH:0
end_of_record
TN:
SF:src/routers/ingredient/get.ts
FN:12,(anonymous_0)
FN:34,(anonymous_1)
FNF:2
FNH:0
FNDA:0,(anonymous_0)
FNDA:0,(anonymous_1)
DA:12,0
DA:13,0
DA:14,0
DA:16,0
DA:18,0
DA:19,0
DA:21,0
DA:23,0
DA:34,0
DA:36,0
DA:38,0
DA:40,0
DA:42,0
DA:43,0
DA:45,0
DA:47,0
LF:16
LH:0
BRDA:14,0,0,0
BRDA:14,0,1,0
BRDA:18,1,0,0
BRDA:18,1,1,0
BRDA:38,2,0,0
BRDA:38,2,1,0
BRDA:42,3,0,0
BRDA:42,3,1,0
BRF:8
BRH:0
end_of_record
TN:
SF:src/routers/ingredient/patch.ts
FN:11,(anonymous_0)
FN:19,(anonymous_1)
FN:51,(anonymous_2)
FN:58,(anonymous_3)
FNF:4
FNH:0
FNDA:0,(anonymous_0)
FNDA:0,(anonymous_1)
FNDA:0,(anonymous_2)
FNDA:0,(anonymous_3)
DA:11,0
DA:12,0
DA:13,0
DA:16,0
DA:17,0
DA:18,0
DA:19,0
DA:21,0
DA:22,0
DA:26,0
DA:29,0
DA:32,0
DA:34,0
DA:35,0
DA:37,0
DA:39,0
DA:51,0
DA:52,0
DA:53,0
DA:55,0
DA:56,0
DA:57,0
DA:58,0
DA:60,0
DA:61,0
DA:65,0
DA:68,0
DA:71,0
DA:73,0
DA:74,0
DA:76,0
DA:79,0
LF:32
LH:0
BRDA:12,0,0,0
BRDA:12,0,1,0
BRDA:21,1,0,0
BRDA:21,1,1,0
BRDA:34,2,0,0
BRDA:34,2,1,0
BRDA:52,3,0,0
BRDA:52,3,1,0
BRDA:60,4,0,0
BRDA:60,4,1,0
BRDA:73,5,0,0
BRDA:73,5,1,0
BRF:12
BRH:0
end_of_record
TN:
SF:src/routers/ingredient/post.ts
FN:8,(anonymous_0)
FNF:1
FNH:0
FNDA:0,(anonymous_0)
DA:8,0
DA:9,0
DA:10,0
DA:11,0
DA:12,0
DA:14,0
LF:6
LH:0
BRF:0
BRH:0
end_of_record
TN:
SF:src/routers/interaction/delete.ts
FN:10,(anonymous_0)
FN:36,(anonymous_1)
FNF:2
FNH:0
FNDA:0,(anonymous_0)
FNDA:0,(anonymous_1)
DA:10,0
DA:11,0
DA:12,0
DA:14,0
DA:15,0
DA:16,0
DA:17,0
DA:22,0
DA:23,0
DA:25,0
DA:36,0
DA:37,0
DA:38,0
DA:41,0
DA:42,0
DA:44,0
DA:45,0
DA:50,0
DA:51,0
DA:53,0
LF:20
LH:0
BRDA:11,0,0,0
BRDA:11,0,1,0
BRDA:16,1,0,0
BRDA:16,1,1,0
BRDA:37,2,0,0
BRDA:37,2,1,0
BRDA:44,3,0,0
BRDA:44,3,1,0
BRF:8
BRH:0
end_of_record
TN:
SF:src/routers/interaction/get.ts
FN:12,(anonymous_0)
FN:34,(anonymous_1)
FNF:2
FNH:0
FNDA:0,(anonymous_0)
FNDA:0,(anonymous_1)
DA:12,0
DA:13,0
DA:14,0
DA:16,0
DA:18,0
DA:19,0
DA:21,0
DA:23,0
DA:34,0
DA:36,0
DA:38,0
DA:40,0
DA:42,0
DA:43,0
DA:45,0
DA:47,0
LF:16
LH:0
BRDA:14,0,0,0
BRDA:14,0,1,0
BRDA:18,1,0,0
BRDA:18,1,1,0
BRDA:38,2,0,0
BRDA:38,2,1,0
BRDA:42,3,0,0
BRDA:42,3,1,0
BRF:8
BRH:0
end_of_record
TN:
SF:src/routers/interaction/patch.ts
FN:11,(anonymous_0)
FN:19,(anonymous_1)
FN:51,(anonymous_2)
FN:58,(anonymous_3)
FNF:4
FNH:0
FNDA:0,(anonymous_0)
FNDA:0,(anonymous_1)
FNDA:0,(anonymous_2)
FNDA:0,(anonymous_3)
DA:11,0
DA:12,0
DA:13,0
DA:16,0
DA:17,0
DA:18,0
DA:19,0
DA:21,0
DA:22,0
DA:26,0
DA:29,0
DA:32,0
DA:34,0
DA:35,0
DA:37,0
DA:39,0
DA:51,0
DA:52,0
DA:53,0
DA:55,0
DA:56,0
DA:57,0
DA:58,0
DA:60,0
DA:61,0
DA:65,0
DA:68,0
DA:71,0
DA:73,0
DA:74,0
DA:76,0
DA:79,0
LF:32
LH:0
BRDA:12,0,0,0
BRDA:12,0,1,0
BRDA:21,1,0,0
BRDA:21,1,1,0
BRDA:34,2,0,0
BRDA:34,2,1,0
BRDA:52,3,0,0
BRDA:52,3,1,0
BRDA:60,4,0,0
BRDA:60,4,1,0
BRDA:73,5,0,0
BRDA:73,5,1,0
BRF:12
BRH:0
end_of_record
TN:
SF:src/routers/interaction/post.ts
FN:8,(anonymous_0)
FNF:1
FNH:0
FNDA:0,(anonymous_0)
DA:8,0
DA:9,0
DA:10,0
DA:11,0
DA:12,0
DA:14,0
LF:6
LH:0
BRF:0
BRH:0
end_of_record
TN:
SF:src/routers/recipe/delete.ts
FN:10,(anonymous_0)
FN:36,(anonymous_1)
FNF:2
FNH:0
FNDA:0,(anonymous_0)
FNDA:0,(anonymous_1)
DA:10,0
DA:11,0
DA:12,0
DA:14,0
DA:15,0
DA:16,0
DA:17,0
DA:22,0
DA:23,0
DA:25,0
DA:36,0
DA:37,0
DA:38,0
DA:41,0
DA:42,0
DA:44,0
DA:45,0
DA:50,0
DA:51,0
DA:53,0
LF:20
LH:0
BRDA:11,0,0,0
BRDA:11,0,1,0
BRDA:16,1,0,0
BRDA:16,1,1,0
BRDA:37,2,0,0
BRDA:37,2,1,0
BRDA:44,3,0,0
BRDA:44,3,1,0
BRF:8
BRH:0
end_of_record
TN:
SF:src/routers/recipe/get.ts
FN:12,(anonymous_0)
FN:34,(anonymous_1)
FNF:2
FNH:0
FNDA:0,(anonymous_0)
FNDA:0,(anonymous_1)
DA:12,0
DA:13,0
DA:14,0
DA:16,0
DA:18,0
DA:19,0
DA:21,0
DA:23,0
DA:34,0
DA:36,0
DA:38,0
DA:40,0
DA:42,0
DA:43,0
DA:45,0
DA:47,0
LF:16
LH:0
BRDA:14,0,0,0
BRDA:14,0,1,0
BRDA:18,1,0,0
BRDA:18,1,1,0
BRDA:38,2,0,0
BRDA:38,2,1,0
BRDA:42,3,0,0
BRDA:42,3,1,0
BRF:8
BRH:0
end_of_record
TN:
SF:src/routers/recipe/patch.ts
FN:11,(anonymous_0)
FN:19,(anonymous_1)
FN:51,(anonymous_2)
FN:58,(anonymous_3)
FNF:4
FNH:0
FNDA:0,(anonymous_0)
FNDA:0,(anonymous_1)
FNDA:0,(anonymous_2)
FNDA:0,(anonymous_3)
DA:11,0
DA:12,0
DA:13,0
DA:16,0
DA:17,0
DA:18,0
DA:19,0
DA:21,0
DA:22,0
DA:26,0
DA:29,0
DA:32,0
DA:34,0
DA:35,0
DA:37,0
DA:39,0
DA:51,0
DA:52,0
DA:53,0
DA:55,0
DA:56,0
DA:57,0
DA:58,0
DA:60,0
DA:61,0
DA:65,0
DA:68,0
DA:71,0
DA:73,0
DA:74,0
DA:76,0
DA:79,0
LF:32
LH:0
BRDA:12,0,0,0
BRDA:12,0,1,0
BRDA:21,1,0,0
BRDA:21,1,1,0
BRDA:34,2,0,0
BRDA:34,2,1,0
BRDA:52,3,0,0
BRDA:52,3,1,0
BRDA:60,4,0,0
BRDA:60,4,1,0
BRDA:73,5,0,0
BRDA:73,5,1,0
BRF:12
BRH:0
end_of_record
TN:
SF:src/routers/recipe/post.ts
FN:8,(anonymous_0)
FNF:1
FNH:0
FNDA:0,(anonymous_0)
DA:8,0
DA:9,0
DA:10,0
DA:11,0
DA:12,0
DA:14,0
LF:6
LH:0
BRF:0
BRH:0
end_of_record
TN:
SF:src/routers/user/delete.ts
FN:10,(anonymous_0)
FN:36,(anonymous_1)
FNF:2
FNH:0
FNDA:0,(anonymous_0)
FNDA:0,(anonymous_1)
DA:10,0
DA:11,0
DA:12,0
DA:14,0
DA:15,0
DA:16,0
DA:17,0
DA:20,0
DA:22,0
DA:23,0
DA:25,0
DA:36,0
DA:37,0
DA:38,0
DA:41,0
DA:42,0
DA:44,0
DA:45,0
DA:48,0
DA:50,0
DA:51,0
DA:53,0
LF:22
LH:0
BRDA:11,0,0,0
BRDA:11,0,1,0
BRDA:16,1,0,0
BRDA:16,1,1,0
BRDA:37,2,0,0
BRDA:37,2,1,0
BRDA:44,3,0,0
BRDA:44,3,1,0
BRF:8
BRH:0
end_of_record
TN:
SF:src/routers/user/get.ts
FN:10,(anonymous_0)
FN:32,(anonymous_1)
FNF:2
FNH:0
FNDA:0,(anonymous_0)
FNDA:0,(anonymous_1)
DA:10,0
DA:11,0
DA:12,0
DA:14,0
DA:16,0
DA:17,0
DA:19,0
DA:21,0
DA:32,0
DA:34,0
DA:36,0
DA:38,0
DA:40,0
DA:41,0
DA:43,0
DA:45,0
LF:16
LH:0
BRDA:12,0,0,0
BRDA:12,0,1,0
BRDA:16,1,0,0
BRDA:16,1,1,0
BRDA:36,2,0,0
BRDA:36,2,1,0
BRDA:40,3,0,0
BRDA:40,3,1,0
BRF:8
BRH:0
end_of_record
TN:
SF:src/routers/user/patch.ts
FN:11,(anonymous_0)
FN:19,(anonymous_1)
FN:51,(anonymous_2)
FN:58,(anonymous_3)
FNF:4
FNH:0
FNDA:0,(anonymous_0)
FNDA:0,(anonymous_1)
FNDA:0,(anonymous_2)
FNDA:0,(anonymous_3)
DA:11,0
DA:12,0
DA:13,0
DA:16,0
DA:17,0
DA:18,0
DA:19,0
DA:21,0
DA:22,0
DA:26,0
DA:29,0
DA:32,0
DA:34,0
DA:35,0
DA:37,0
DA:39,0
DA:51,0
DA:52,0
DA:53,0
DA:55,0
DA:56,0
DA:57,0
DA:58,0
DA:60,0
DA:61,0
DA:65,0
DA:68,0
DA:71,0
DA:73,0
DA:74,0
DA:76,0
DA:79,0
LF:32
LH:0
BRDA:12,0,0,0
BRDA:12,0,1,0
BRDA:21,1,0,0
BRDA:21,1,1,0
BRDA:34,2,0,0
BRDA:34,2,1,0
BRDA:52,3,0,0
BRDA:52,3,1,0
BRDA:60,4,0,0
BRDA:60,4,1,0
BRDA:73,5,0,0
BRDA:73,5,1,0
BRF:12
BRH:0
end_of_record
TN:
SF:src/routers/user/post.ts
FN:8,(anonymous_0)
FN:26,(anonymous_1)
FNF:2
FNH:0
FNDA:0,(anonymous_0)
FNDA:0,(anonymous_1)
DA:8,0
DA:9,0
DA:10,0
DA:11,0
DA:12,0
DA:14,0
DA:23,0
DA:26,0
DA:27,0
DA:28,0
DA:29,0
DA:31,0
DA:33,0
DA:36,0
DA:37,0
DA:38,0
DA:39,0
DA:40,0
DA:43,0
DA:53,0
DA:55,0
LF:21
LH:0
BRDA:31,0,0,0
BRDA:31,0,1,0
BRDA:36,1,0,0
BRDA:36,1,1,0
BRDA:38,2,0,0
BRDA:38,2,1,0
BRDA:38,3,0,0
BRDA:38,3,1,0
BRF:8
BRH:0
end_of_record
